   0  $accept : program $end

   1  program : decl_list

   2  decl_list : decl decl_list
   3            | decl

   4  decl : identifier colon type assign expr semicolon
   5       | identifier colon type semicolon
   6       | identifier colon type assign left_brace stmt_list right_brace

   7  stmt : open_stmt
   8       | closed_stmt

   9  closed_stmt : decl
  10              | expr semicolon
  11              | return opt_expr semicolon
  12              | print expr_list semicolon
  13              | for left_paren opt_expr semicolon opt_expr semicolon opt_expr right_paren closed_stmt
  14              | if left_paren expr right_paren closed_stmt else closed_stmt
  15              | left_brace stmt_list right_brace

  16  open_stmt : if left_paren expr right_paren stmt
  17            | if left_paren expr right_paren closed_stmt else open_stmt
  18            | for left_paren opt_expr semicolon opt_expr semicolon opt_expr right_paren open_stmt

  19  stmt_list : not_empty_stmt_list
  20            |

  21  not_empty_stmt_list : stmt not_empty_stmt_list
  22                      | stmt

  23  expr : expr assign and_expr
  24       | and_expr

  25  and_expr : and_expr and compare_expr
  26           | and_expr or compare_expr
  27           | compare_expr

  28  compare_expr : add_expr ne add_expr
  29               | add_expr gt add_expr
  30               | add_expr ge add_expr
  31               | add_expr lt add_expr
  32               | add_expr le add_expr
  33               | add_expr eq add_expr
  34               | add_expr

  35  add_expr : add_expr add mul_expr
  36           | add_expr subtract mul_expr
  37           | mul_expr

  38  mul_expr : mul_expr multiply expon_expr
  39           | mul_expr divide expon_expr
  40           | mul_expr modulus expon_expr
  41           | expon_expr

  42  expon_expr : neg_expr exponentiate expon_expr
  43             | neg_expr

  44  neg_expr : subtract incr_expr
  45           | not incr_expr
  46           | incr_expr

  47  incr_expr : primary_expr increment
  48            | primary_expr decrement
  49            | primary_expr

  50  opt_expr : expr
  51           |

  52  expr_list : not_empty_expr_list
  53            |

  54  not_empty_expr_list : expr comma not_empty_expr_list
  55                      | expr

  56  primary_expr : identifier
  57               | identifier left_paren expr_list right_paren
  58               | integer_literal
  59               | string_literal
  60               | char_literal
  61               | true
  62               | false
  63               | left_paren expr right_paren
  64               | left_brace not_empty_expr_list right_brace
  65               | identifier left_bracket expr right_bracket

  66  type : integer
  67       | void
  68       | string
  69       | char
  70       | boolean
  71       | array left_bracket opt_expr right_bracket type
  72       | function type left_paren param_list right_paren

  73  param_list : not_empty_param_list
  74             |

  75  not_empty_param_list : param
  76                       | param comma not_empty_param_list

  77  param : identifier colon type

  78  print : TOKEN_PRINT

  79  function : TOKEN_FUNCTION

  80  for : TOKEN_FOR

  81  if : TOKEN_IF

  82  else : TOKEN_ELSE

  83  return : TOKEN_RETURN

  84  left_brace : TOKEN_LEFT_BRACE

  85  right_brace : TOKEN_RIGHT_BRACE

  86  left_paren : TOKEN_LEFT_PAREN

  87  right_paren : TOKEN_RIGHT_PAREN

  88  left_bracket : TOKEN_LEFT_BRACKET

  89  right_bracket : TOKEN_RIGHT_BRACKET

  90  string : TOKEN_STRING

  91  integer : TOKEN_INTEGER

  92  char : TOKEN_CHAR

  93  void : TOKEN_VOID

  94  boolean : TOKEN_BOOLEAN

  95  array : TOKEN_ARRAY

  96  ge : TOKEN_GE

  97  le : TOKEN_LE

  98  eq : TOKEN_EQ

  99  ne : TOKEN_NE

 100  lt : TOKEN_LT

 101  gt : TOKEN_GT

 102  and : TOKEN_AND

 103  or : TOKEN_OR

 104  not : TOKEN_NOT

 105  increment : TOKEN_INCREMENT

 106  decrement : TOKEN_DECREMENT

 107  add : TOKEN_ADD

 108  subtract : TOKEN_SUBTRACT

 109  multiply : TOKEN_MULTIPLY

 110  divide : TOKEN_DIVIDE

 111  modulus : TOKEN_MODULUS

 112  exponentiate : TOKEN_EXPONENTIATE

 113  assign : TOKEN_ASSIGN

 114  comma : TOKEN_COMMA

 115  colon : TOKEN_COLON

 116  semicolon : TOKEN_SEMICOLON

 117  true : TOKEN_TRUE

 118  false : TOKEN_FALSE

 119  char_literal : TOKEN_CHAR_LITERAL

 120  integer_literal : TOKEN_INTEGER_LITERAL

 121  string_literal : TOKEN_STRING_LITERAL

 122  identifier : TOKEN_IDENTIFIER

state 0
	$accept : . program $end  (0)

	TOKEN_IDENTIFIER  shift 1
	.  error

	program  goto 2
	decl_list  goto 3
	decl  goto 4
	identifier  goto 5


state 1
	identifier : TOKEN_IDENTIFIER .  (122)

	.  reduce 122


state 2
	$accept : program . $end  (0)

	$end  accept


state 3
	program : decl_list .  (1)

	.  reduce 1


state 4
	decl_list : decl . decl_list  (2)
	decl_list : decl .  (3)

	TOKEN_IDENTIFIER  shift 1
	$end  reduce 3

	decl_list  goto 6
	decl  goto 4
	identifier  goto 5


state 5
	decl : identifier . colon type assign expr semicolon  (4)
	decl : identifier . colon type semicolon  (5)
	decl : identifier . colon type assign left_brace stmt_list right_brace  (6)

	TOKEN_COLON  shift 7
	.  error

	colon  goto 8


state 6
	decl_list : decl decl_list .  (2)

	.  reduce 2


state 7
	colon : TOKEN_COLON .  (115)

	.  reduce 115


state 8
	decl : identifier colon . type assign expr semicolon  (4)
	decl : identifier colon . type semicolon  (5)
	decl : identifier colon . type assign left_brace stmt_list right_brace  (6)

	TOKEN_FUNCTION  shift 9
	TOKEN_STRING  shift 10
	TOKEN_INTEGER  shift 11
	TOKEN_CHAR  shift 12
	TOKEN_VOID  shift 13
	TOKEN_BOOLEAN  shift 14
	TOKEN_ARRAY  shift 15
	.  error

	type  goto 16
	integer  goto 17
	void  goto 18
	string  goto 19
	char  goto 20
	boolean  goto 21
	array  goto 22
	function  goto 23


state 9
	function : TOKEN_FUNCTION .  (79)

	.  reduce 79


state 10
	string : TOKEN_STRING .  (90)

	.  reduce 90


state 11
	integer : TOKEN_INTEGER .  (91)

	.  reduce 91


state 12
	char : TOKEN_CHAR .  (92)

	.  reduce 92


state 13
	void : TOKEN_VOID .  (93)

	.  reduce 93


state 14
	boolean : TOKEN_BOOLEAN .  (94)

	.  reduce 94


state 15
	array : TOKEN_ARRAY .  (95)

	.  reduce 95


state 16
	decl : identifier colon type . assign expr semicolon  (4)
	decl : identifier colon type . semicolon  (5)
	decl : identifier colon type . assign left_brace stmt_list right_brace  (6)

	TOKEN_ASSIGN  shift 24
	TOKEN_SEMICOLON  shift 25
	.  error

	assign  goto 26
	semicolon  goto 27


state 17
	type : integer .  (66)

	.  reduce 66


state 18
	type : void .  (67)

	.  reduce 67


state 19
	type : string .  (68)

	.  reduce 68


state 20
	type : char .  (69)

	.  reduce 69


state 21
	type : boolean .  (70)

	.  reduce 70


state 22
	type : array . left_bracket opt_expr right_bracket type  (71)

	TOKEN_LEFT_BRACKET  shift 28
	.  error

	left_bracket  goto 29


state 23
	type : function . type left_paren param_list right_paren  (72)

	TOKEN_FUNCTION  shift 9
	TOKEN_STRING  shift 10
	TOKEN_INTEGER  shift 11
	TOKEN_CHAR  shift 12
	TOKEN_VOID  shift 13
	TOKEN_BOOLEAN  shift 14
	TOKEN_ARRAY  shift 15
	.  error

	type  goto 30
	integer  goto 17
	void  goto 18
	string  goto 19
	char  goto 20
	boolean  goto 21
	array  goto 22
	function  goto 23


state 24
	assign : TOKEN_ASSIGN .  (113)

	.  reduce 113


state 25
	semicolon : TOKEN_SEMICOLON .  (116)

	.  reduce 116


state 26
	decl : identifier colon type assign . expr semicolon  (4)
	decl : identifier colon type assign . left_brace stmt_list right_brace  (6)

	TOKEN_LEFT_BRACE  shift 31
	TOKEN_LEFT_PAREN  shift 32
	TOKEN_NOT  shift 33
	TOKEN_SUBTRACT  shift 34
	TOKEN_TRUE  shift 35
	TOKEN_FALSE  shift 36
	TOKEN_CHAR_LITERAL  shift 37
	TOKEN_INTEGER_LITERAL  shift 38
	TOKEN_STRING_LITERAL  shift 39
	TOKEN_IDENTIFIER  shift 1
	.  error

	expr  goto 40
	and_expr  goto 41
	compare_expr  goto 42
	add_expr  goto 43
	mul_expr  goto 44
	expon_expr  goto 45
	neg_expr  goto 46
	incr_expr  goto 47
	primary_expr  goto 48
	identifier  goto 49
	string_literal  goto 50
	integer_literal  goto 51
	char_literal  goto 52
	left_brace  goto 53
	left_paren  goto 54
	subtract  goto 55
	not  goto 56
	true  goto 57
	false  goto 58


state 27
	decl : identifier colon type semicolon .  (5)

	.  reduce 5


state 28
	left_bracket : TOKEN_LEFT_BRACKET .  (88)

	.  reduce 88


state 29
	type : array left_bracket . opt_expr right_bracket type  (71)
	opt_expr : .  (51)

	TOKEN_LEFT_BRACE  shift 31
	TOKEN_LEFT_PAREN  shift 32
	TOKEN_NOT  shift 33
	TOKEN_SUBTRACT  shift 34
	TOKEN_TRUE  shift 35
	TOKEN_FALSE  shift 36
	TOKEN_CHAR_LITERAL  shift 37
	TOKEN_INTEGER_LITERAL  shift 38
	TOKEN_STRING_LITERAL  shift 39
	TOKEN_IDENTIFIER  shift 1
	TOKEN_RIGHT_BRACKET  reduce 51

	expr  goto 59
	and_expr  goto 41
	compare_expr  goto 42
	add_expr  goto 43
	mul_expr  goto 44
	expon_expr  goto 45
	neg_expr  goto 46
	incr_expr  goto 47
	opt_expr  goto 60
	primary_expr  goto 48
	identifier  goto 49
	string_literal  goto 50
	integer_literal  goto 51
	char_literal  goto 52
	left_brace  goto 61
	left_paren  goto 54
	subtract  goto 55
	not  goto 56
	true  goto 57
	false  goto 58


state 30
	type : function type . left_paren param_list right_paren  (72)

	TOKEN_LEFT_PAREN  shift 32
	.  error

	left_paren  goto 62


state 31
	left_brace : TOKEN_LEFT_BRACE .  (84)

	.  reduce 84


state 32
	left_paren : TOKEN_LEFT_PAREN .  (86)

	.  reduce 86


state 33
	not : TOKEN_NOT .  (104)

	.  reduce 104


state 34
	subtract : TOKEN_SUBTRACT .  (108)

	.  reduce 108


state 35
	true : TOKEN_TRUE .  (117)

	.  reduce 117


state 36
	false : TOKEN_FALSE .  (118)

	.  reduce 118


state 37
	char_literal : TOKEN_CHAR_LITERAL .  (119)

	.  reduce 119


state 38
	integer_literal : TOKEN_INTEGER_LITERAL .  (120)

	.  reduce 120


state 39
	string_literal : TOKEN_STRING_LITERAL .  (121)

	.  reduce 121


state 40
	decl : identifier colon type assign expr . semicolon  (4)
	expr : expr . assign and_expr  (23)

	TOKEN_ASSIGN  shift 24
	TOKEN_SEMICOLON  shift 25
	.  error

	assign  goto 63
	semicolon  goto 64


state 41
	expr : and_expr .  (24)
	and_expr : and_expr . and compare_expr  (25)
	and_expr : and_expr . or compare_expr  (26)

	TOKEN_AND  shift 65
	TOKEN_OR  shift 66
	TOKEN_RIGHT_BRACE  reduce 24
	TOKEN_RIGHT_PAREN  reduce 24
	TOKEN_RIGHT_BRACKET  reduce 24
	TOKEN_ASSIGN  reduce 24
	TOKEN_COMMA  reduce 24
	TOKEN_SEMICOLON  reduce 24

	and  goto 67
	or  goto 68


state 42
	and_expr : compare_expr .  (27)

	.  reduce 27


state 43
	compare_expr : add_expr . ne add_expr  (28)
	compare_expr : add_expr . gt add_expr  (29)
	compare_expr : add_expr . ge add_expr  (30)
	compare_expr : add_expr . lt add_expr  (31)
	compare_expr : add_expr . le add_expr  (32)
	compare_expr : add_expr . eq add_expr  (33)
	compare_expr : add_expr .  (34)
	add_expr : add_expr . add mul_expr  (35)
	add_expr : add_expr . subtract mul_expr  (36)

	TOKEN_GE  shift 69
	TOKEN_LE  shift 70
	TOKEN_EQ  shift 71
	TOKEN_NE  shift 72
	TOKEN_LT  shift 73
	TOKEN_GT  shift 74
	TOKEN_ADD  shift 75
	TOKEN_SUBTRACT  shift 34
	TOKEN_RIGHT_BRACE  reduce 34
	TOKEN_RIGHT_PAREN  reduce 34
	TOKEN_RIGHT_BRACKET  reduce 34
	TOKEN_AND  reduce 34
	TOKEN_OR  reduce 34
	TOKEN_ASSIGN  reduce 34
	TOKEN_COMMA  reduce 34
	TOKEN_SEMICOLON  reduce 34

	ne  goto 76
	gt  goto 77
	ge  goto 78
	lt  goto 79
	le  goto 80
	eq  goto 81
	add  goto 82
	subtract  goto 83


state 44
	add_expr : mul_expr .  (37)
	mul_expr : mul_expr . multiply expon_expr  (38)
	mul_expr : mul_expr . divide expon_expr  (39)
	mul_expr : mul_expr . modulus expon_expr  (40)

	TOKEN_MULTIPLY  shift 84
	TOKEN_DIVIDE  shift 85
	TOKEN_MODULUS  shift 86
	TOKEN_RIGHT_BRACE  reduce 37
	TOKEN_RIGHT_PAREN  reduce 37
	TOKEN_RIGHT_BRACKET  reduce 37
	TOKEN_GE  reduce 37
	TOKEN_LE  reduce 37
	TOKEN_EQ  reduce 37
	TOKEN_NE  reduce 37
	TOKEN_LT  reduce 37
	TOKEN_GT  reduce 37
	TOKEN_AND  reduce 37
	TOKEN_OR  reduce 37
	TOKEN_ADD  reduce 37
	TOKEN_SUBTRACT  reduce 37
	TOKEN_ASSIGN  reduce 37
	TOKEN_COMMA  reduce 37
	TOKEN_SEMICOLON  reduce 37

	multiply  goto 87
	divide  goto 88
	modulus  goto 89


state 45
	mul_expr : expon_expr .  (41)

	.  reduce 41


state 46
	expon_expr : neg_expr . exponentiate expon_expr  (42)
	expon_expr : neg_expr .  (43)

	TOKEN_EXPONENTIATE  shift 90
	TOKEN_RIGHT_BRACE  reduce 43
	TOKEN_RIGHT_PAREN  reduce 43
	TOKEN_RIGHT_BRACKET  reduce 43
	TOKEN_GE  reduce 43
	TOKEN_LE  reduce 43
	TOKEN_EQ  reduce 43
	TOKEN_NE  reduce 43
	TOKEN_LT  reduce 43
	TOKEN_GT  reduce 43
	TOKEN_AND  reduce 43
	TOKEN_OR  reduce 43
	TOKEN_ADD  reduce 43
	TOKEN_SUBTRACT  reduce 43
	TOKEN_MULTIPLY  reduce 43
	TOKEN_DIVIDE  reduce 43
	TOKEN_MODULUS  reduce 43
	TOKEN_ASSIGN  reduce 43
	TOKEN_COMMA  reduce 43
	TOKEN_SEMICOLON  reduce 43

	exponentiate  goto 91


state 47
	neg_expr : incr_expr .  (46)

	.  reduce 46


state 48
	incr_expr : primary_expr . increment  (47)
	incr_expr : primary_expr . decrement  (48)
	incr_expr : primary_expr .  (49)

	TOKEN_INCREMENT  shift 92
	TOKEN_DECREMENT  shift 93
	TOKEN_RIGHT_BRACE  reduce 49
	TOKEN_RIGHT_PAREN  reduce 49
	TOKEN_RIGHT_BRACKET  reduce 49
	TOKEN_GE  reduce 49
	TOKEN_LE  reduce 49
	TOKEN_EQ  reduce 49
	TOKEN_NE  reduce 49
	TOKEN_LT  reduce 49
	TOKEN_GT  reduce 49
	TOKEN_AND  reduce 49
	TOKEN_OR  reduce 49
	TOKEN_ADD  reduce 49
	TOKEN_SUBTRACT  reduce 49
	TOKEN_MULTIPLY  reduce 49
	TOKEN_DIVIDE  reduce 49
	TOKEN_MODULUS  reduce 49
	TOKEN_EXPONENTIATE  reduce 49
	TOKEN_ASSIGN  reduce 49
	TOKEN_COMMA  reduce 49
	TOKEN_SEMICOLON  reduce 49

	increment  goto 94
	decrement  goto 95


state 49
	primary_expr : identifier .  (56)
	primary_expr : identifier . left_paren expr_list right_paren  (57)
	primary_expr : identifier . left_bracket expr right_bracket  (65)

	TOKEN_LEFT_PAREN  shift 32
	TOKEN_LEFT_BRACKET  shift 28
	TOKEN_RIGHT_BRACE  reduce 56
	TOKEN_RIGHT_PAREN  reduce 56
	TOKEN_RIGHT_BRACKET  reduce 56
	TOKEN_GE  reduce 56
	TOKEN_LE  reduce 56
	TOKEN_EQ  reduce 56
	TOKEN_NE  reduce 56
	TOKEN_LT  reduce 56
	TOKEN_GT  reduce 56
	TOKEN_AND  reduce 56
	TOKEN_OR  reduce 56
	TOKEN_INCREMENT  reduce 56
	TOKEN_DECREMENT  reduce 56
	TOKEN_ADD  reduce 56
	TOKEN_SUBTRACT  reduce 56
	TOKEN_MULTIPLY  reduce 56
	TOKEN_DIVIDE  reduce 56
	TOKEN_MODULUS  reduce 56
	TOKEN_EXPONENTIATE  reduce 56
	TOKEN_ASSIGN  reduce 56
	TOKEN_COMMA  reduce 56
	TOKEN_SEMICOLON  reduce 56

	left_paren  goto 96
	left_bracket  goto 97


state 50
	primary_expr : string_literal .  (59)

	.  reduce 59


state 51
	primary_expr : integer_literal .  (58)

	.  reduce 58


state 52
	primary_expr : char_literal .  (60)

	.  reduce 60


state 53
	decl : identifier colon type assign left_brace . stmt_list right_brace  (6)
	primary_expr : left_brace . not_empty_expr_list right_brace  (64)
	stmt_list : .  (20)

	TOKEN_PRINT  shift 98
	TOKEN_FOR  shift 99
	TOKEN_IF  shift 100
	TOKEN_RETURN  shift 101
	TOKEN_LEFT_BRACE  shift 31
	TOKEN_LEFT_PAREN  shift 32
	TOKEN_NOT  shift 33
	TOKEN_SUBTRACT  shift 34
	TOKEN_TRUE  shift 35
	TOKEN_FALSE  shift 36
	TOKEN_CHAR_LITERAL  shift 37
	TOKEN_INTEGER_LITERAL  shift 38
	TOKEN_STRING_LITERAL  shift 39
	TOKEN_IDENTIFIER  shift 1
	TOKEN_RIGHT_BRACE  reduce 20

	decl  goto 102
	expr  goto 103
	and_expr  goto 41
	compare_expr  goto 42
	add_expr  goto 43
	mul_expr  goto 44
	expon_expr  goto 45
	neg_expr  goto 46
	incr_expr  goto 47
	not_empty_expr_list  goto 104
	primary_expr  goto 48
	stmt  goto 105
	open_stmt  goto 106
	closed_stmt  goto 107
	stmt_list  goto 108
	not_empty_stmt_list  goto 109
	identifier  goto 110
	string_literal  goto 50
	integer_literal  goto 51
	char_literal  goto 52
	left_brace  goto 111
	return  goto 112
	print  goto 113
	for  goto 114
	left_paren  goto 54
	if  goto 115
	subtract  goto 55
	not  goto 56
	true  goto 57
	false  goto 58


state 54
	primary_expr : left_paren . expr right_paren  (63)

	TOKEN_LEFT_BRACE  shift 31
	TOKEN_LEFT_PAREN  shift 32
	TOKEN_NOT  shift 33
	TOKEN_SUBTRACT  shift 34
	TOKEN_TRUE  shift 35
	TOKEN_FALSE  shift 36
	TOKEN_CHAR_LITERAL  shift 37
	TOKEN_INTEGER_LITERAL  shift 38
	TOKEN_STRING_LITERAL  shift 39
	TOKEN_IDENTIFIER  shift 1
	.  error

	expr  goto 116
	and_expr  goto 41
	compare_expr  goto 42
	add_expr  goto 43
	mul_expr  goto 44
	expon_expr  goto 45
	neg_expr  goto 46
	incr_expr  goto 47
	primary_expr  goto 48
	identifier  goto 49
	string_literal  goto 50
	integer_literal  goto 51
	char_literal  goto 52
	left_brace  goto 61
	left_paren  goto 54
	subtract  goto 55
	not  goto 56
	true  goto 57
	false  goto 58


state 55
	neg_expr : subtract . incr_expr  (44)

	TOKEN_LEFT_BRACE  shift 31
	TOKEN_LEFT_PAREN  shift 32
	TOKEN_TRUE  shift 35
	TOKEN_FALSE  shift 36
	TOKEN_CHAR_LITERAL  shift 37
	TOKEN_INTEGER_LITERAL  shift 38
	TOKEN_STRING_LITERAL  shift 39
	TOKEN_IDENTIFIER  shift 1
	.  error

	incr_expr  goto 117
	primary_expr  goto 48
	identifier  goto 49
	string_literal  goto 50
	integer_literal  goto 51
	char_literal  goto 52
	left_brace  goto 61
	left_paren  goto 54
	true  goto 57
	false  goto 58


state 56
	neg_expr : not . incr_expr  (45)

	TOKEN_LEFT_BRACE  shift 31
	TOKEN_LEFT_PAREN  shift 32
	TOKEN_TRUE  shift 35
	TOKEN_FALSE  shift 36
	TOKEN_CHAR_LITERAL  shift 37
	TOKEN_INTEGER_LITERAL  shift 38
	TOKEN_STRING_LITERAL  shift 39
	TOKEN_IDENTIFIER  shift 1
	.  error

	incr_expr  goto 118
	primary_expr  goto 48
	identifier  goto 49
	string_literal  goto 50
	integer_literal  goto 51
	char_literal  goto 52
	left_brace  goto 61
	left_paren  goto 54
	true  goto 57
	false  goto 58


state 57
	primary_expr : true .  (61)

	.  reduce 61


state 58
	primary_expr : false .  (62)

	.  reduce 62


state 59
	expr : expr . assign and_expr  (23)
	opt_expr : expr .  (50)

	TOKEN_ASSIGN  shift 24
	TOKEN_RIGHT_PAREN  reduce 50
	TOKEN_RIGHT_BRACKET  reduce 50
	TOKEN_SEMICOLON  reduce 50

	assign  goto 63


state 60
	type : array left_bracket opt_expr . right_bracket type  (71)

	TOKEN_RIGHT_BRACKET  shift 119
	.  error

	right_bracket  goto 120


state 61
	primary_expr : left_brace . not_empty_expr_list right_brace  (64)

	TOKEN_LEFT_BRACE  shift 31
	TOKEN_LEFT_PAREN  shift 32
	TOKEN_NOT  shift 33
	TOKEN_SUBTRACT  shift 34
	TOKEN_TRUE  shift 35
	TOKEN_FALSE  shift 36
	TOKEN_CHAR_LITERAL  shift 37
	TOKEN_INTEGER_LITERAL  shift 38
	TOKEN_STRING_LITERAL  shift 39
	TOKEN_IDENTIFIER  shift 1
	.  error

	expr  goto 121
	and_expr  goto 41
	compare_expr  goto 42
	add_expr  goto 43
	mul_expr  goto 44
	expon_expr  goto 45
	neg_expr  goto 46
	incr_expr  goto 47
	not_empty_expr_list  goto 104
	primary_expr  goto 48
	identifier  goto 49
	string_literal  goto 50
	integer_literal  goto 51
	char_literal  goto 52
	left_brace  goto 61
	left_paren  goto 54
	subtract  goto 55
	not  goto 56
	true  goto 57
	false  goto 58


state 62
	type : function type left_paren . param_list right_paren  (72)
	param_list : .  (74)

	TOKEN_IDENTIFIER  shift 1
	TOKEN_RIGHT_PAREN  reduce 74

	param_list  goto 122
	not_empty_param_list  goto 123
	param  goto 124
	identifier  goto 125


state 63
	expr : expr assign . and_expr  (23)

	TOKEN_LEFT_BRACE  shift 31
	TOKEN_LEFT_PAREN  shift 32
	TOKEN_NOT  shift 33
	TOKEN_SUBTRACT  shift 34
	TOKEN_TRUE  shift 35
	TOKEN_FALSE  shift 36
	TOKEN_CHAR_LITERAL  shift 37
	TOKEN_INTEGER_LITERAL  shift 38
	TOKEN_STRING_LITERAL  shift 39
	TOKEN_IDENTIFIER  shift 1
	.  error

	and_expr  goto 126
	compare_expr  goto 42
	add_expr  goto 43
	mul_expr  goto 44
	expon_expr  goto 45
	neg_expr  goto 46
	incr_expr  goto 47
	primary_expr  goto 48
	identifier  goto 49
	string_literal  goto 50
	integer_literal  goto 51
	char_literal  goto 52
	left_brace  goto 61
	left_paren  goto 54
	subtract  goto 55
	not  goto 56
	true  goto 57
	false  goto 58


state 64
	decl : identifier colon type assign expr semicolon .  (4)

	.  reduce 4


state 65
	and : TOKEN_AND .  (102)

	.  reduce 102


state 66
	or : TOKEN_OR .  (103)

	.  reduce 103


state 67
	and_expr : and_expr and . compare_expr  (25)

	TOKEN_LEFT_BRACE  shift 31
	TOKEN_LEFT_PAREN  shift 32
	TOKEN_NOT  shift 33
	TOKEN_SUBTRACT  shift 34
	TOKEN_TRUE  shift 35
	TOKEN_FALSE  shift 36
	TOKEN_CHAR_LITERAL  shift 37
	TOKEN_INTEGER_LITERAL  shift 38
	TOKEN_STRING_LITERAL  shift 39
	TOKEN_IDENTIFIER  shift 1
	.  error

	compare_expr  goto 127
	add_expr  goto 43
	mul_expr  goto 44
	expon_expr  goto 45
	neg_expr  goto 46
	incr_expr  goto 47
	primary_expr  goto 48
	identifier  goto 49
	string_literal  goto 50
	integer_literal  goto 51
	char_literal  goto 52
	left_brace  goto 61
	left_paren  goto 54
	subtract  goto 55
	not  goto 56
	true  goto 57
	false  goto 58


state 68
	and_expr : and_expr or . compare_expr  (26)

	TOKEN_LEFT_BRACE  shift 31
	TOKEN_LEFT_PAREN  shift 32
	TOKEN_NOT  shift 33
	TOKEN_SUBTRACT  shift 34
	TOKEN_TRUE  shift 35
	TOKEN_FALSE  shift 36
	TOKEN_CHAR_LITERAL  shift 37
	TOKEN_INTEGER_LITERAL  shift 38
	TOKEN_STRING_LITERAL  shift 39
	TOKEN_IDENTIFIER  shift 1
	.  error

	compare_expr  goto 128
	add_expr  goto 43
	mul_expr  goto 44
	expon_expr  goto 45
	neg_expr  goto 46
	incr_expr  goto 47
	primary_expr  goto 48
	identifier  goto 49
	string_literal  goto 50
	integer_literal  goto 51
	char_literal  goto 52
	left_brace  goto 61
	left_paren  goto 54
	subtract  goto 55
	not  goto 56
	true  goto 57
	false  goto 58


state 69
	ge : TOKEN_GE .  (96)

	.  reduce 96


state 70
	le : TOKEN_LE .  (97)

	.  reduce 97


state 71
	eq : TOKEN_EQ .  (98)

	.  reduce 98


state 72
	ne : TOKEN_NE .  (99)

	.  reduce 99


state 73
	lt : TOKEN_LT .  (100)

	.  reduce 100


state 74
	gt : TOKEN_GT .  (101)

	.  reduce 101


state 75
	add : TOKEN_ADD .  (107)

	.  reduce 107


state 76
	compare_expr : add_expr ne . add_expr  (28)

	TOKEN_LEFT_BRACE  shift 31
	TOKEN_LEFT_PAREN  shift 32
	TOKEN_NOT  shift 33
	TOKEN_SUBTRACT  shift 34
	TOKEN_TRUE  shift 35
	TOKEN_FALSE  shift 36
	TOKEN_CHAR_LITERAL  shift 37
	TOKEN_INTEGER_LITERAL  shift 38
	TOKEN_STRING_LITERAL  shift 39
	TOKEN_IDENTIFIER  shift 1
	.  error

	add_expr  goto 129
	mul_expr  goto 44
	expon_expr  goto 45
	neg_expr  goto 46
	incr_expr  goto 47
	primary_expr  goto 48
	identifier  goto 49
	string_literal  goto 50
	integer_literal  goto 51
	char_literal  goto 52
	left_brace  goto 61
	left_paren  goto 54
	subtract  goto 55
	not  goto 56
	true  goto 57
	false  goto 58


state 77
	compare_expr : add_expr gt . add_expr  (29)

	TOKEN_LEFT_BRACE  shift 31
	TOKEN_LEFT_PAREN  shift 32
	TOKEN_NOT  shift 33
	TOKEN_SUBTRACT  shift 34
	TOKEN_TRUE  shift 35
	TOKEN_FALSE  shift 36
	TOKEN_CHAR_LITERAL  shift 37
	TOKEN_INTEGER_LITERAL  shift 38
	TOKEN_STRING_LITERAL  shift 39
	TOKEN_IDENTIFIER  shift 1
	.  error

	add_expr  goto 130
	mul_expr  goto 44
	expon_expr  goto 45
	neg_expr  goto 46
	incr_expr  goto 47
	primary_expr  goto 48
	identifier  goto 49
	string_literal  goto 50
	integer_literal  goto 51
	char_literal  goto 52
	left_brace  goto 61
	left_paren  goto 54
	subtract  goto 55
	not  goto 56
	true  goto 57
	false  goto 58


state 78
	compare_expr : add_expr ge . add_expr  (30)

	TOKEN_LEFT_BRACE  shift 31
	TOKEN_LEFT_PAREN  shift 32
	TOKEN_NOT  shift 33
	TOKEN_SUBTRACT  shift 34
	TOKEN_TRUE  shift 35
	TOKEN_FALSE  shift 36
	TOKEN_CHAR_LITERAL  shift 37
	TOKEN_INTEGER_LITERAL  shift 38
	TOKEN_STRING_LITERAL  shift 39
	TOKEN_IDENTIFIER  shift 1
	.  error

	add_expr  goto 131
	mul_expr  goto 44
	expon_expr  goto 45
	neg_expr  goto 46
	incr_expr  goto 47
	primary_expr  goto 48
	identifier  goto 49
	string_literal  goto 50
	integer_literal  goto 51
	char_literal  goto 52
	left_brace  goto 61
	left_paren  goto 54
	subtract  goto 55
	not  goto 56
	true  goto 57
	false  goto 58


state 79
	compare_expr : add_expr lt . add_expr  (31)

	TOKEN_LEFT_BRACE  shift 31
	TOKEN_LEFT_PAREN  shift 32
	TOKEN_NOT  shift 33
	TOKEN_SUBTRACT  shift 34
	TOKEN_TRUE  shift 35
	TOKEN_FALSE  shift 36
	TOKEN_CHAR_LITERAL  shift 37
	TOKEN_INTEGER_LITERAL  shift 38
	TOKEN_STRING_LITERAL  shift 39
	TOKEN_IDENTIFIER  shift 1
	.  error

	add_expr  goto 132
	mul_expr  goto 44
	expon_expr  goto 45
	neg_expr  goto 46
	incr_expr  goto 47
	primary_expr  goto 48
	identifier  goto 49
	string_literal  goto 50
	integer_literal  goto 51
	char_literal  goto 52
	left_brace  goto 61
	left_paren  goto 54
	subtract  goto 55
	not  goto 56
	true  goto 57
	false  goto 58


state 80
	compare_expr : add_expr le . add_expr  (32)

	TOKEN_LEFT_BRACE  shift 31
	TOKEN_LEFT_PAREN  shift 32
	TOKEN_NOT  shift 33
	TOKEN_SUBTRACT  shift 34
	TOKEN_TRUE  shift 35
	TOKEN_FALSE  shift 36
	TOKEN_CHAR_LITERAL  shift 37
	TOKEN_INTEGER_LITERAL  shift 38
	TOKEN_STRING_LITERAL  shift 39
	TOKEN_IDENTIFIER  shift 1
	.  error

	add_expr  goto 133
	mul_expr  goto 44
	expon_expr  goto 45
	neg_expr  goto 46
	incr_expr  goto 47
	primary_expr  goto 48
	identifier  goto 49
	string_literal  goto 50
	integer_literal  goto 51
	char_literal  goto 52
	left_brace  goto 61
	left_paren  goto 54
	subtract  goto 55
	not  goto 56
	true  goto 57
	false  goto 58


state 81
	compare_expr : add_expr eq . add_expr  (33)

	TOKEN_LEFT_BRACE  shift 31
	TOKEN_LEFT_PAREN  shift 32
	TOKEN_NOT  shift 33
	TOKEN_SUBTRACT  shift 34
	TOKEN_TRUE  shift 35
	TOKEN_FALSE  shift 36
	TOKEN_CHAR_LITERAL  shift 37
	TOKEN_INTEGER_LITERAL  shift 38
	TOKEN_STRING_LITERAL  shift 39
	TOKEN_IDENTIFIER  shift 1
	.  error

	add_expr  goto 134
	mul_expr  goto 44
	expon_expr  goto 45
	neg_expr  goto 46
	incr_expr  goto 47
	primary_expr  goto 48
	identifier  goto 49
	string_literal  goto 50
	integer_literal  goto 51
	char_literal  goto 52
	left_brace  goto 61
	left_paren  goto 54
	subtract  goto 55
	not  goto 56
	true  goto 57
	false  goto 58


state 82
	add_expr : add_expr add . mul_expr  (35)

	TOKEN_LEFT_BRACE  shift 31
	TOKEN_LEFT_PAREN  shift 32
	TOKEN_NOT  shift 33
	TOKEN_SUBTRACT  shift 34
	TOKEN_TRUE  shift 35
	TOKEN_FALSE  shift 36
	TOKEN_CHAR_LITERAL  shift 37
	TOKEN_INTEGER_LITERAL  shift 38
	TOKEN_STRING_LITERAL  shift 39
	TOKEN_IDENTIFIER  shift 1
	.  error

	mul_expr  goto 135
	expon_expr  goto 45
	neg_expr  goto 46
	incr_expr  goto 47
	primary_expr  goto 48
	identifier  goto 49
	string_literal  goto 50
	integer_literal  goto 51
	char_literal  goto 52
	left_brace  goto 61
	left_paren  goto 54
	subtract  goto 55
	not  goto 56
	true  goto 57
	false  goto 58


state 83
	add_expr : add_expr subtract . mul_expr  (36)

	TOKEN_LEFT_BRACE  shift 31
	TOKEN_LEFT_PAREN  shift 32
	TOKEN_NOT  shift 33
	TOKEN_SUBTRACT  shift 34
	TOKEN_TRUE  shift 35
	TOKEN_FALSE  shift 36
	TOKEN_CHAR_LITERAL  shift 37
	TOKEN_INTEGER_LITERAL  shift 38
	TOKEN_STRING_LITERAL  shift 39
	TOKEN_IDENTIFIER  shift 1
	.  error

	mul_expr  goto 136
	expon_expr  goto 45
	neg_expr  goto 46
	incr_expr  goto 47
	primary_expr  goto 48
	identifier  goto 49
	string_literal  goto 50
	integer_literal  goto 51
	char_literal  goto 52
	left_brace  goto 61
	left_paren  goto 54
	subtract  goto 55
	not  goto 56
	true  goto 57
	false  goto 58


state 84
	multiply : TOKEN_MULTIPLY .  (109)

	.  reduce 109


state 85
	divide : TOKEN_DIVIDE .  (110)

	.  reduce 110


state 86
	modulus : TOKEN_MODULUS .  (111)

	.  reduce 111


state 87
	mul_expr : mul_expr multiply . expon_expr  (38)

	TOKEN_LEFT_BRACE  shift 31
	TOKEN_LEFT_PAREN  shift 32
	TOKEN_NOT  shift 33
	TOKEN_SUBTRACT  shift 34
	TOKEN_TRUE  shift 35
	TOKEN_FALSE  shift 36
	TOKEN_CHAR_LITERAL  shift 37
	TOKEN_INTEGER_LITERAL  shift 38
	TOKEN_STRING_LITERAL  shift 39
	TOKEN_IDENTIFIER  shift 1
	.  error

	expon_expr  goto 137
	neg_expr  goto 46
	incr_expr  goto 47
	primary_expr  goto 48
	identifier  goto 49
	string_literal  goto 50
	integer_literal  goto 51
	char_literal  goto 52
	left_brace  goto 61
	left_paren  goto 54
	subtract  goto 55
	not  goto 56
	true  goto 57
	false  goto 58


state 88
	mul_expr : mul_expr divide . expon_expr  (39)

	TOKEN_LEFT_BRACE  shift 31
	TOKEN_LEFT_PAREN  shift 32
	TOKEN_NOT  shift 33
	TOKEN_SUBTRACT  shift 34
	TOKEN_TRUE  shift 35
	TOKEN_FALSE  shift 36
	TOKEN_CHAR_LITERAL  shift 37
	TOKEN_INTEGER_LITERAL  shift 38
	TOKEN_STRING_LITERAL  shift 39
	TOKEN_IDENTIFIER  shift 1
	.  error

	expon_expr  goto 138
	neg_expr  goto 46
	incr_expr  goto 47
	primary_expr  goto 48
	identifier  goto 49
	string_literal  goto 50
	integer_literal  goto 51
	char_literal  goto 52
	left_brace  goto 61
	left_paren  goto 54
	subtract  goto 55
	not  goto 56
	true  goto 57
	false  goto 58


state 89
	mul_expr : mul_expr modulus . expon_expr  (40)

	TOKEN_LEFT_BRACE  shift 31
	TOKEN_LEFT_PAREN  shift 32
	TOKEN_NOT  shift 33
	TOKEN_SUBTRACT  shift 34
	TOKEN_TRUE  shift 35
	TOKEN_FALSE  shift 36
	TOKEN_CHAR_LITERAL  shift 37
	TOKEN_INTEGER_LITERAL  shift 38
	TOKEN_STRING_LITERAL  shift 39
	TOKEN_IDENTIFIER  shift 1
	.  error

	expon_expr  goto 139
	neg_expr  goto 46
	incr_expr  goto 47
	primary_expr  goto 48
	identifier  goto 49
	string_literal  goto 50
	integer_literal  goto 51
	char_literal  goto 52
	left_brace  goto 61
	left_paren  goto 54
	subtract  goto 55
	not  goto 56
	true  goto 57
	false  goto 58


state 90
	exponentiate : TOKEN_EXPONENTIATE .  (112)

	.  reduce 112


state 91
	expon_expr : neg_expr exponentiate . expon_expr  (42)

	TOKEN_LEFT_BRACE  shift 31
	TOKEN_LEFT_PAREN  shift 32
	TOKEN_NOT  shift 33
	TOKEN_SUBTRACT  shift 34
	TOKEN_TRUE  shift 35
	TOKEN_FALSE  shift 36
	TOKEN_CHAR_LITERAL  shift 37
	TOKEN_INTEGER_LITERAL  shift 38
	TOKEN_STRING_LITERAL  shift 39
	TOKEN_IDENTIFIER  shift 1
	.  error

	expon_expr  goto 140
	neg_expr  goto 46
	incr_expr  goto 47
	primary_expr  goto 48
	identifier  goto 49
	string_literal  goto 50
	integer_literal  goto 51
	char_literal  goto 52
	left_brace  goto 61
	left_paren  goto 54
	subtract  goto 55
	not  goto 56
	true  goto 57
	false  goto 58


state 92
	increment : TOKEN_INCREMENT .  (105)

	.  reduce 105


state 93
	decrement : TOKEN_DECREMENT .  (106)

	.  reduce 106


state 94
	incr_expr : primary_expr increment .  (47)

	.  reduce 47


state 95
	incr_expr : primary_expr decrement .  (48)

	.  reduce 48


state 96
	primary_expr : identifier left_paren . expr_list right_paren  (57)
	expr_list : .  (53)

	TOKEN_LEFT_BRACE  shift 31
	TOKEN_LEFT_PAREN  shift 32
	TOKEN_NOT  shift 33
	TOKEN_SUBTRACT  shift 34
	TOKEN_TRUE  shift 35
	TOKEN_FALSE  shift 36
	TOKEN_CHAR_LITERAL  shift 37
	TOKEN_INTEGER_LITERAL  shift 38
	TOKEN_STRING_LITERAL  shift 39
	TOKEN_IDENTIFIER  shift 1
	TOKEN_RIGHT_PAREN  reduce 53

	expr  goto 121
	and_expr  goto 41
	compare_expr  goto 42
	add_expr  goto 43
	mul_expr  goto 44
	expon_expr  goto 45
	neg_expr  goto 46
	incr_expr  goto 47
	expr_list  goto 141
	not_empty_expr_list  goto 142
	primary_expr  goto 48
	identifier  goto 49
	string_literal  goto 50
	integer_literal  goto 51
	char_literal  goto 52
	left_brace  goto 61
	left_paren  goto 54
	subtract  goto 55
	not  goto 56
	true  goto 57
	false  goto 58


state 97
	primary_expr : identifier left_bracket . expr right_bracket  (65)

	TOKEN_LEFT_BRACE  shift 31
	TOKEN_LEFT_PAREN  shift 32
	TOKEN_NOT  shift 33
	TOKEN_SUBTRACT  shift 34
	TOKEN_TRUE  shift 35
	TOKEN_FALSE  shift 36
	TOKEN_CHAR_LITERAL  shift 37
	TOKEN_INTEGER_LITERAL  shift 38
	TOKEN_STRING_LITERAL  shift 39
	TOKEN_IDENTIFIER  shift 1
	.  error

	expr  goto 143
	and_expr  goto 41
	compare_expr  goto 42
	add_expr  goto 43
	mul_expr  goto 44
	expon_expr  goto 45
	neg_expr  goto 46
	incr_expr  goto 47
	primary_expr  goto 48
	identifier  goto 49
	string_literal  goto 50
	integer_literal  goto 51
	char_literal  goto 52
	left_brace  goto 61
	left_paren  goto 54
	subtract  goto 55
	not  goto 56
	true  goto 57
	false  goto 58


state 98
	print : TOKEN_PRINT .  (78)

	.  reduce 78


state 99
	for : TOKEN_FOR .  (80)

	.  reduce 80


state 100
	if : TOKEN_IF .  (81)

	.  reduce 81


state 101
	return : TOKEN_RETURN .  (83)

	.  reduce 83


state 102
	closed_stmt : decl .  (9)

	.  reduce 9


state 103
	closed_stmt : expr . semicolon  (10)
	expr : expr . assign and_expr  (23)
	not_empty_expr_list : expr . comma not_empty_expr_list  (54)
	not_empty_expr_list : expr .  (55)

	TOKEN_ASSIGN  shift 24
	TOKEN_COMMA  shift 144
	TOKEN_SEMICOLON  shift 25
	TOKEN_RIGHT_BRACE  reduce 55

	assign  goto 63
	semicolon  goto 145
	comma  goto 146


state 104
	primary_expr : left_brace not_empty_expr_list . right_brace  (64)

	TOKEN_RIGHT_BRACE  shift 147
	.  error

	right_brace  goto 148


state 105
	not_empty_stmt_list : stmt . not_empty_stmt_list  (21)
	not_empty_stmt_list : stmt .  (22)

	TOKEN_PRINT  shift 98
	TOKEN_FOR  shift 99
	TOKEN_IF  shift 100
	TOKEN_RETURN  shift 101
	TOKEN_LEFT_BRACE  shift 31
	TOKEN_LEFT_PAREN  shift 32
	TOKEN_NOT  shift 33
	TOKEN_SUBTRACT  shift 34
	TOKEN_TRUE  shift 35
	TOKEN_FALSE  shift 36
	TOKEN_CHAR_LITERAL  shift 37
	TOKEN_INTEGER_LITERAL  shift 38
	TOKEN_STRING_LITERAL  shift 39
	TOKEN_IDENTIFIER  shift 1
	TOKEN_RIGHT_BRACE  reduce 22

	decl  goto 102
	expr  goto 149
	and_expr  goto 41
	compare_expr  goto 42
	add_expr  goto 43
	mul_expr  goto 44
	expon_expr  goto 45
	neg_expr  goto 46
	incr_expr  goto 47
	primary_expr  goto 48
	stmt  goto 105
	open_stmt  goto 106
	closed_stmt  goto 107
	not_empty_stmt_list  goto 150
	identifier  goto 110
	string_literal  goto 50
	integer_literal  goto 51
	char_literal  goto 52
	left_brace  goto 111
	return  goto 112
	print  goto 113
	for  goto 114
	left_paren  goto 54
	if  goto 115
	subtract  goto 55
	not  goto 56
	true  goto 57
	false  goto 58


state 106
	stmt : open_stmt .  (7)

	.  reduce 7


state 107
	stmt : closed_stmt .  (8)

	.  reduce 8


state 108
	decl : identifier colon type assign left_brace stmt_list . right_brace  (6)

	TOKEN_RIGHT_BRACE  shift 147
	.  error

	right_brace  goto 151


state 109
	stmt_list : not_empty_stmt_list .  (19)

	.  reduce 19


state 110
	decl : identifier . colon type assign expr semicolon  (4)
	decl : identifier . colon type semicolon  (5)
	decl : identifier . colon type assign left_brace stmt_list right_brace  (6)
	primary_expr : identifier .  (56)
	primary_expr : identifier . left_paren expr_list right_paren  (57)
	primary_expr : identifier . left_bracket expr right_bracket  (65)

	TOKEN_LEFT_PAREN  shift 32
	TOKEN_LEFT_BRACKET  shift 28
	TOKEN_COLON  shift 7
	TOKEN_RIGHT_BRACE  reduce 56
	TOKEN_GE  reduce 56
	TOKEN_LE  reduce 56
	TOKEN_EQ  reduce 56
	TOKEN_NE  reduce 56
	TOKEN_LT  reduce 56
	TOKEN_GT  reduce 56
	TOKEN_AND  reduce 56
	TOKEN_OR  reduce 56
	TOKEN_INCREMENT  reduce 56
	TOKEN_DECREMENT  reduce 56
	TOKEN_ADD  reduce 56
	TOKEN_SUBTRACT  reduce 56
	TOKEN_MULTIPLY  reduce 56
	TOKEN_DIVIDE  reduce 56
	TOKEN_MODULUS  reduce 56
	TOKEN_EXPONENTIATE  reduce 56
	TOKEN_ASSIGN  reduce 56
	TOKEN_COMMA  reduce 56
	TOKEN_SEMICOLON  reduce 56

	colon  goto 8
	left_paren  goto 96
	left_bracket  goto 97


state 111
	closed_stmt : left_brace . stmt_list right_brace  (15)
	primary_expr : left_brace . not_empty_expr_list right_brace  (64)
	stmt_list : .  (20)

	TOKEN_PRINT  shift 98
	TOKEN_FOR  shift 99
	TOKEN_IF  shift 100
	TOKEN_RETURN  shift 101
	TOKEN_LEFT_BRACE  shift 31
	TOKEN_LEFT_PAREN  shift 32
	TOKEN_NOT  shift 33
	TOKEN_SUBTRACT  shift 34
	TOKEN_TRUE  shift 35
	TOKEN_FALSE  shift 36
	TOKEN_CHAR_LITERAL  shift 37
	TOKEN_INTEGER_LITERAL  shift 38
	TOKEN_STRING_LITERAL  shift 39
	TOKEN_IDENTIFIER  shift 1
	TOKEN_RIGHT_BRACE  reduce 20

	decl  goto 102
	expr  goto 103
	and_expr  goto 41
	compare_expr  goto 42
	add_expr  goto 43
	mul_expr  goto 44
	expon_expr  goto 45
	neg_expr  goto 46
	incr_expr  goto 47
	not_empty_expr_list  goto 104
	primary_expr  goto 48
	stmt  goto 105
	open_stmt  goto 106
	closed_stmt  goto 107
	stmt_list  goto 152
	not_empty_stmt_list  goto 109
	identifier  goto 110
	string_literal  goto 50
	integer_literal  goto 51
	char_literal  goto 52
	left_brace  goto 111
	return  goto 112
	print  goto 113
	for  goto 114
	left_paren  goto 54
	if  goto 115
	subtract  goto 55
	not  goto 56
	true  goto 57
	false  goto 58


state 112
	closed_stmt : return . opt_expr semicolon  (11)
	opt_expr : .  (51)

	TOKEN_LEFT_BRACE  shift 31
	TOKEN_LEFT_PAREN  shift 32
	TOKEN_NOT  shift 33
	TOKEN_SUBTRACT  shift 34
	TOKEN_TRUE  shift 35
	TOKEN_FALSE  shift 36
	TOKEN_CHAR_LITERAL  shift 37
	TOKEN_INTEGER_LITERAL  shift 38
	TOKEN_STRING_LITERAL  shift 39
	TOKEN_IDENTIFIER  shift 1
	TOKEN_SEMICOLON  reduce 51

	expr  goto 59
	and_expr  goto 41
	compare_expr  goto 42
	add_expr  goto 43
	mul_expr  goto 44
	expon_expr  goto 45
	neg_expr  goto 46
	incr_expr  goto 47
	opt_expr  goto 153
	primary_expr  goto 48
	identifier  goto 49
	string_literal  goto 50
	integer_literal  goto 51
	char_literal  goto 52
	left_brace  goto 61
	left_paren  goto 54
	subtract  goto 55
	not  goto 56
	true  goto 57
	false  goto 58


state 113
	closed_stmt : print . expr_list semicolon  (12)
	expr_list : .  (53)

	TOKEN_LEFT_BRACE  shift 31
	TOKEN_LEFT_PAREN  shift 32
	TOKEN_NOT  shift 33
	TOKEN_SUBTRACT  shift 34
	TOKEN_TRUE  shift 35
	TOKEN_FALSE  shift 36
	TOKEN_CHAR_LITERAL  shift 37
	TOKEN_INTEGER_LITERAL  shift 38
	TOKEN_STRING_LITERAL  shift 39
	TOKEN_IDENTIFIER  shift 1
	TOKEN_SEMICOLON  reduce 53

	expr  goto 121
	and_expr  goto 41
	compare_expr  goto 42
	add_expr  goto 43
	mul_expr  goto 44
	expon_expr  goto 45
	neg_expr  goto 46
	incr_expr  goto 47
	expr_list  goto 154
	not_empty_expr_list  goto 142
	primary_expr  goto 48
	identifier  goto 49
	string_literal  goto 50
	integer_literal  goto 51
	char_literal  goto 52
	left_brace  goto 61
	left_paren  goto 54
	subtract  goto 55
	not  goto 56
	true  goto 57
	false  goto 58


state 114
	closed_stmt : for . left_paren opt_expr semicolon opt_expr semicolon opt_expr right_paren closed_stmt  (13)
	open_stmt : for . left_paren opt_expr semicolon opt_expr semicolon opt_expr right_paren open_stmt  (18)

	TOKEN_LEFT_PAREN  shift 32
	.  error

	left_paren  goto 155


state 115
	closed_stmt : if . left_paren expr right_paren closed_stmt else closed_stmt  (14)
	open_stmt : if . left_paren expr right_paren stmt  (16)
	open_stmt : if . left_paren expr right_paren closed_stmt else open_stmt  (17)

	TOKEN_LEFT_PAREN  shift 32
	.  error

	left_paren  goto 156


state 116
	expr : expr . assign and_expr  (23)
	primary_expr : left_paren expr . right_paren  (63)

	TOKEN_RIGHT_PAREN  shift 157
	TOKEN_ASSIGN  shift 24
	.  error

	assign  goto 63
	right_paren  goto 158


state 117
	neg_expr : subtract incr_expr .  (44)

	.  reduce 44


state 118
	neg_expr : not incr_expr .  (45)

	.  reduce 45


state 119
	right_bracket : TOKEN_RIGHT_BRACKET .  (89)

	.  reduce 89


state 120
	type : array left_bracket opt_expr right_bracket . type  (71)

	TOKEN_FUNCTION  shift 9
	TOKEN_STRING  shift 10
	TOKEN_INTEGER  shift 11
	TOKEN_CHAR  shift 12
	TOKEN_VOID  shift 13
	TOKEN_BOOLEAN  shift 14
	TOKEN_ARRAY  shift 15
	.  error

	type  goto 159
	integer  goto 17
	void  goto 18
	string  goto 19
	char  goto 20
	boolean  goto 21
	array  goto 22
	function  goto 23


state 121
	expr : expr . assign and_expr  (23)
	not_empty_expr_list : expr . comma not_empty_expr_list  (54)
	not_empty_expr_list : expr .  (55)

	TOKEN_ASSIGN  shift 24
	TOKEN_COMMA  shift 144
	TOKEN_RIGHT_BRACE  reduce 55
	TOKEN_RIGHT_PAREN  reduce 55
	TOKEN_SEMICOLON  reduce 55

	assign  goto 63
	comma  goto 146


state 122
	type : function type left_paren param_list . right_paren  (72)

	TOKEN_RIGHT_PAREN  shift 157
	.  error

	right_paren  goto 160


state 123
	param_list : not_empty_param_list .  (73)

	.  reduce 73


state 124
	not_empty_param_list : param .  (75)
	not_empty_param_list : param . comma not_empty_param_list  (76)

	TOKEN_COMMA  shift 144
	TOKEN_RIGHT_PAREN  reduce 75

	comma  goto 161


state 125
	param : identifier . colon type  (77)

	TOKEN_COLON  shift 7
	.  error

	colon  goto 162


state 126
	expr : expr assign and_expr .  (23)
	and_expr : and_expr . and compare_expr  (25)
	and_expr : and_expr . or compare_expr  (26)

	TOKEN_AND  shift 65
	TOKEN_OR  shift 66
	TOKEN_RIGHT_BRACE  reduce 23
	TOKEN_RIGHT_PAREN  reduce 23
	TOKEN_RIGHT_BRACKET  reduce 23
	TOKEN_ASSIGN  reduce 23
	TOKEN_COMMA  reduce 23
	TOKEN_SEMICOLON  reduce 23

	and  goto 67
	or  goto 68


state 127
	and_expr : and_expr and compare_expr .  (25)

	.  reduce 25


state 128
	and_expr : and_expr or compare_expr .  (26)

	.  reduce 26


state 129
	compare_expr : add_expr ne add_expr .  (28)
	add_expr : add_expr . add mul_expr  (35)
	add_expr : add_expr . subtract mul_expr  (36)

	TOKEN_ADD  shift 75
	TOKEN_SUBTRACT  shift 34
	TOKEN_RIGHT_BRACE  reduce 28
	TOKEN_RIGHT_PAREN  reduce 28
	TOKEN_RIGHT_BRACKET  reduce 28
	TOKEN_AND  reduce 28
	TOKEN_OR  reduce 28
	TOKEN_ASSIGN  reduce 28
	TOKEN_COMMA  reduce 28
	TOKEN_SEMICOLON  reduce 28

	add  goto 82
	subtract  goto 83


state 130
	compare_expr : add_expr gt add_expr .  (29)
	add_expr : add_expr . add mul_expr  (35)
	add_expr : add_expr . subtract mul_expr  (36)

	TOKEN_ADD  shift 75
	TOKEN_SUBTRACT  shift 34
	TOKEN_RIGHT_BRACE  reduce 29
	TOKEN_RIGHT_PAREN  reduce 29
	TOKEN_RIGHT_BRACKET  reduce 29
	TOKEN_AND  reduce 29
	TOKEN_OR  reduce 29
	TOKEN_ASSIGN  reduce 29
	TOKEN_COMMA  reduce 29
	TOKEN_SEMICOLON  reduce 29

	add  goto 82
	subtract  goto 83


state 131
	compare_expr : add_expr ge add_expr .  (30)
	add_expr : add_expr . add mul_expr  (35)
	add_expr : add_expr . subtract mul_expr  (36)

	TOKEN_ADD  shift 75
	TOKEN_SUBTRACT  shift 34
	TOKEN_RIGHT_BRACE  reduce 30
	TOKEN_RIGHT_PAREN  reduce 30
	TOKEN_RIGHT_BRACKET  reduce 30
	TOKEN_AND  reduce 30
	TOKEN_OR  reduce 30
	TOKEN_ASSIGN  reduce 30
	TOKEN_COMMA  reduce 30
	TOKEN_SEMICOLON  reduce 30

	add  goto 82
	subtract  goto 83


state 132
	compare_expr : add_expr lt add_expr .  (31)
	add_expr : add_expr . add mul_expr  (35)
	add_expr : add_expr . subtract mul_expr  (36)

	TOKEN_ADD  shift 75
	TOKEN_SUBTRACT  shift 34
	TOKEN_RIGHT_BRACE  reduce 31
	TOKEN_RIGHT_PAREN  reduce 31
	TOKEN_RIGHT_BRACKET  reduce 31
	TOKEN_AND  reduce 31
	TOKEN_OR  reduce 31
	TOKEN_ASSIGN  reduce 31
	TOKEN_COMMA  reduce 31
	TOKEN_SEMICOLON  reduce 31

	add  goto 82
	subtract  goto 83


state 133
	compare_expr : add_expr le add_expr .  (32)
	add_expr : add_expr . add mul_expr  (35)
	add_expr : add_expr . subtract mul_expr  (36)

	TOKEN_ADD  shift 75
	TOKEN_SUBTRACT  shift 34
	TOKEN_RIGHT_BRACE  reduce 32
	TOKEN_RIGHT_PAREN  reduce 32
	TOKEN_RIGHT_BRACKET  reduce 32
	TOKEN_AND  reduce 32
	TOKEN_OR  reduce 32
	TOKEN_ASSIGN  reduce 32
	TOKEN_COMMA  reduce 32
	TOKEN_SEMICOLON  reduce 32

	add  goto 82
	subtract  goto 83


state 134
	compare_expr : add_expr eq add_expr .  (33)
	add_expr : add_expr . add mul_expr  (35)
	add_expr : add_expr . subtract mul_expr  (36)

	TOKEN_ADD  shift 75
	TOKEN_SUBTRACT  shift 34
	TOKEN_RIGHT_BRACE  reduce 33
	TOKEN_RIGHT_PAREN  reduce 33
	TOKEN_RIGHT_BRACKET  reduce 33
	TOKEN_AND  reduce 33
	TOKEN_OR  reduce 33
	TOKEN_ASSIGN  reduce 33
	TOKEN_COMMA  reduce 33
	TOKEN_SEMICOLON  reduce 33

	add  goto 82
	subtract  goto 83


state 135
	add_expr : add_expr add mul_expr .  (35)
	mul_expr : mul_expr . multiply expon_expr  (38)
	mul_expr : mul_expr . divide expon_expr  (39)
	mul_expr : mul_expr . modulus expon_expr  (40)

	TOKEN_MULTIPLY  shift 84
	TOKEN_DIVIDE  shift 85
	TOKEN_MODULUS  shift 86
	TOKEN_RIGHT_BRACE  reduce 35
	TOKEN_RIGHT_PAREN  reduce 35
	TOKEN_RIGHT_BRACKET  reduce 35
	TOKEN_GE  reduce 35
	TOKEN_LE  reduce 35
	TOKEN_EQ  reduce 35
	TOKEN_NE  reduce 35
	TOKEN_LT  reduce 35
	TOKEN_GT  reduce 35
	TOKEN_AND  reduce 35
	TOKEN_OR  reduce 35
	TOKEN_ADD  reduce 35
	TOKEN_SUBTRACT  reduce 35
	TOKEN_ASSIGN  reduce 35
	TOKEN_COMMA  reduce 35
	TOKEN_SEMICOLON  reduce 35

	multiply  goto 87
	divide  goto 88
	modulus  goto 89


state 136
	add_expr : add_expr subtract mul_expr .  (36)
	mul_expr : mul_expr . multiply expon_expr  (38)
	mul_expr : mul_expr . divide expon_expr  (39)
	mul_expr : mul_expr . modulus expon_expr  (40)

	TOKEN_MULTIPLY  shift 84
	TOKEN_DIVIDE  shift 85
	TOKEN_MODULUS  shift 86
	TOKEN_RIGHT_BRACE  reduce 36
	TOKEN_RIGHT_PAREN  reduce 36
	TOKEN_RIGHT_BRACKET  reduce 36
	TOKEN_GE  reduce 36
	TOKEN_LE  reduce 36
	TOKEN_EQ  reduce 36
	TOKEN_NE  reduce 36
	TOKEN_LT  reduce 36
	TOKEN_GT  reduce 36
	TOKEN_AND  reduce 36
	TOKEN_OR  reduce 36
	TOKEN_ADD  reduce 36
	TOKEN_SUBTRACT  reduce 36
	TOKEN_ASSIGN  reduce 36
	TOKEN_COMMA  reduce 36
	TOKEN_SEMICOLON  reduce 36

	multiply  goto 87
	divide  goto 88
	modulus  goto 89


state 137
	mul_expr : mul_expr multiply expon_expr .  (38)

	.  reduce 38


state 138
	mul_expr : mul_expr divide expon_expr .  (39)

	.  reduce 39


state 139
	mul_expr : mul_expr modulus expon_expr .  (40)

	.  reduce 40


state 140
	expon_expr : neg_expr exponentiate expon_expr .  (42)

	.  reduce 42


state 141
	primary_expr : identifier left_paren expr_list . right_paren  (57)

	TOKEN_RIGHT_PAREN  shift 157
	.  error

	right_paren  goto 163


state 142
	expr_list : not_empty_expr_list .  (52)

	.  reduce 52


state 143
	expr : expr . assign and_expr  (23)
	primary_expr : identifier left_bracket expr . right_bracket  (65)

	TOKEN_RIGHT_BRACKET  shift 119
	TOKEN_ASSIGN  shift 24
	.  error

	assign  goto 63
	right_bracket  goto 164


state 144
	comma : TOKEN_COMMA .  (114)

	.  reduce 114


state 145
	closed_stmt : expr semicolon .  (10)

	.  reduce 10


state 146
	not_empty_expr_list : expr comma . not_empty_expr_list  (54)

	TOKEN_LEFT_BRACE  shift 31
	TOKEN_LEFT_PAREN  shift 32
	TOKEN_NOT  shift 33
	TOKEN_SUBTRACT  shift 34
	TOKEN_TRUE  shift 35
	TOKEN_FALSE  shift 36
	TOKEN_CHAR_LITERAL  shift 37
	TOKEN_INTEGER_LITERAL  shift 38
	TOKEN_STRING_LITERAL  shift 39
	TOKEN_IDENTIFIER  shift 1
	.  error

	expr  goto 121
	and_expr  goto 41
	compare_expr  goto 42
	add_expr  goto 43
	mul_expr  goto 44
	expon_expr  goto 45
	neg_expr  goto 46
	incr_expr  goto 47
	not_empty_expr_list  goto 165
	primary_expr  goto 48
	identifier  goto 49
	string_literal  goto 50
	integer_literal  goto 51
	char_literal  goto 52
	left_brace  goto 61
	left_paren  goto 54
	subtract  goto 55
	not  goto 56
	true  goto 57
	false  goto 58


state 147
	right_brace : TOKEN_RIGHT_BRACE .  (85)

	.  reduce 85


state 148
	primary_expr : left_brace not_empty_expr_list right_brace .  (64)

	.  reduce 64


state 149
	closed_stmt : expr . semicolon  (10)
	expr : expr . assign and_expr  (23)

	TOKEN_ASSIGN  shift 24
	TOKEN_SEMICOLON  shift 25
	.  error

	assign  goto 63
	semicolon  goto 145


state 150
	not_empty_stmt_list : stmt not_empty_stmt_list .  (21)

	.  reduce 21


state 151
	decl : identifier colon type assign left_brace stmt_list right_brace .  (6)

	.  reduce 6


state 152
	closed_stmt : left_brace stmt_list . right_brace  (15)

	TOKEN_RIGHT_BRACE  shift 147
	.  error

	right_brace  goto 166


state 153
	closed_stmt : return opt_expr . semicolon  (11)

	TOKEN_SEMICOLON  shift 25
	.  error

	semicolon  goto 167


state 154
	closed_stmt : print expr_list . semicolon  (12)

	TOKEN_SEMICOLON  shift 25
	.  error

	semicolon  goto 168


state 155
	closed_stmt : for left_paren . opt_expr semicolon opt_expr semicolon opt_expr right_paren closed_stmt  (13)
	open_stmt : for left_paren . opt_expr semicolon opt_expr semicolon opt_expr right_paren open_stmt  (18)
	opt_expr : .  (51)

	TOKEN_LEFT_BRACE  shift 31
	TOKEN_LEFT_PAREN  shift 32
	TOKEN_NOT  shift 33
	TOKEN_SUBTRACT  shift 34
	TOKEN_TRUE  shift 35
	TOKEN_FALSE  shift 36
	TOKEN_CHAR_LITERAL  shift 37
	TOKEN_INTEGER_LITERAL  shift 38
	TOKEN_STRING_LITERAL  shift 39
	TOKEN_IDENTIFIER  shift 1
	TOKEN_SEMICOLON  reduce 51

	expr  goto 59
	and_expr  goto 41
	compare_expr  goto 42
	add_expr  goto 43
	mul_expr  goto 44
	expon_expr  goto 45
	neg_expr  goto 46
	incr_expr  goto 47
	opt_expr  goto 169
	primary_expr  goto 48
	identifier  goto 49
	string_literal  goto 50
	integer_literal  goto 51
	char_literal  goto 52
	left_brace  goto 61
	left_paren  goto 54
	subtract  goto 55
	not  goto 56
	true  goto 57
	false  goto 58


state 156
	closed_stmt : if left_paren . expr right_paren closed_stmt else closed_stmt  (14)
	open_stmt : if left_paren . expr right_paren stmt  (16)
	open_stmt : if left_paren . expr right_paren closed_stmt else open_stmt  (17)

	TOKEN_LEFT_BRACE  shift 31
	TOKEN_LEFT_PAREN  shift 32
	TOKEN_NOT  shift 33
	TOKEN_SUBTRACT  shift 34
	TOKEN_TRUE  shift 35
	TOKEN_FALSE  shift 36
	TOKEN_CHAR_LITERAL  shift 37
	TOKEN_INTEGER_LITERAL  shift 38
	TOKEN_STRING_LITERAL  shift 39
	TOKEN_IDENTIFIER  shift 1
	.  error

	expr  goto 170
	and_expr  goto 41
	compare_expr  goto 42
	add_expr  goto 43
	mul_expr  goto 44
	expon_expr  goto 45
	neg_expr  goto 46
	incr_expr  goto 47
	primary_expr  goto 48
	identifier  goto 49
	string_literal  goto 50
	integer_literal  goto 51
	char_literal  goto 52
	left_brace  goto 61
	left_paren  goto 54
	subtract  goto 55
	not  goto 56
	true  goto 57
	false  goto 58


state 157
	right_paren : TOKEN_RIGHT_PAREN .  (87)

	.  reduce 87


state 158
	primary_expr : left_paren expr right_paren .  (63)

	.  reduce 63


state 159
	type : array left_bracket opt_expr right_bracket type .  (71)

	.  reduce 71


state 160
	type : function type left_paren param_list right_paren .  (72)

	.  reduce 72


state 161
	not_empty_param_list : param comma . not_empty_param_list  (76)

	TOKEN_IDENTIFIER  shift 1
	.  error

	not_empty_param_list  goto 171
	param  goto 124
	identifier  goto 125


state 162
	param : identifier colon . type  (77)

	TOKEN_FUNCTION  shift 9
	TOKEN_STRING  shift 10
	TOKEN_INTEGER  shift 11
	TOKEN_CHAR  shift 12
	TOKEN_VOID  shift 13
	TOKEN_BOOLEAN  shift 14
	TOKEN_ARRAY  shift 15
	.  error

	type  goto 172
	integer  goto 17
	void  goto 18
	string  goto 19
	char  goto 20
	boolean  goto 21
	array  goto 22
	function  goto 23


state 163
	primary_expr : identifier left_paren expr_list right_paren .  (57)

	.  reduce 57


state 164
	primary_expr : identifier left_bracket expr right_bracket .  (65)

	.  reduce 65


state 165
	not_empty_expr_list : expr comma not_empty_expr_list .  (54)

	.  reduce 54


state 166
	closed_stmt : left_brace stmt_list right_brace .  (15)

	.  reduce 15


state 167
	closed_stmt : return opt_expr semicolon .  (11)

	.  reduce 11


state 168
	closed_stmt : print expr_list semicolon .  (12)

	.  reduce 12


state 169
	closed_stmt : for left_paren opt_expr . semicolon opt_expr semicolon opt_expr right_paren closed_stmt  (13)
	open_stmt : for left_paren opt_expr . semicolon opt_expr semicolon opt_expr right_paren open_stmt  (18)

	TOKEN_SEMICOLON  shift 25
	.  error

	semicolon  goto 173


state 170
	closed_stmt : if left_paren expr . right_paren closed_stmt else closed_stmt  (14)
	open_stmt : if left_paren expr . right_paren stmt  (16)
	open_stmt : if left_paren expr . right_paren closed_stmt else open_stmt  (17)
	expr : expr . assign and_expr  (23)

	TOKEN_RIGHT_PAREN  shift 157
	TOKEN_ASSIGN  shift 24
	.  error

	assign  goto 63
	right_paren  goto 174


state 171
	not_empty_param_list : param comma not_empty_param_list .  (76)

	.  reduce 76


state 172
	param : identifier colon type .  (77)

	.  reduce 77


state 173
	closed_stmt : for left_paren opt_expr semicolon . opt_expr semicolon opt_expr right_paren closed_stmt  (13)
	open_stmt : for left_paren opt_expr semicolon . opt_expr semicolon opt_expr right_paren open_stmt  (18)
	opt_expr : .  (51)

	TOKEN_LEFT_BRACE  shift 31
	TOKEN_LEFT_PAREN  shift 32
	TOKEN_NOT  shift 33
	TOKEN_SUBTRACT  shift 34
	TOKEN_TRUE  shift 35
	TOKEN_FALSE  shift 36
	TOKEN_CHAR_LITERAL  shift 37
	TOKEN_INTEGER_LITERAL  shift 38
	TOKEN_STRING_LITERAL  shift 39
	TOKEN_IDENTIFIER  shift 1
	TOKEN_SEMICOLON  reduce 51

	expr  goto 59
	and_expr  goto 41
	compare_expr  goto 42
	add_expr  goto 43
	mul_expr  goto 44
	expon_expr  goto 45
	neg_expr  goto 46
	incr_expr  goto 47
	opt_expr  goto 175
	primary_expr  goto 48
	identifier  goto 49
	string_literal  goto 50
	integer_literal  goto 51
	char_literal  goto 52
	left_brace  goto 61
	left_paren  goto 54
	subtract  goto 55
	not  goto 56
	true  goto 57
	false  goto 58


state 174
	closed_stmt : if left_paren expr right_paren . closed_stmt else closed_stmt  (14)
	open_stmt : if left_paren expr right_paren . stmt  (16)
	open_stmt : if left_paren expr right_paren . closed_stmt else open_stmt  (17)

	TOKEN_PRINT  shift 98
	TOKEN_FOR  shift 99
	TOKEN_IF  shift 100
	TOKEN_RETURN  shift 101
	TOKEN_LEFT_BRACE  shift 31
	TOKEN_LEFT_PAREN  shift 32
	TOKEN_NOT  shift 33
	TOKEN_SUBTRACT  shift 34
	TOKEN_TRUE  shift 35
	TOKEN_FALSE  shift 36
	TOKEN_CHAR_LITERAL  shift 37
	TOKEN_INTEGER_LITERAL  shift 38
	TOKEN_STRING_LITERAL  shift 39
	TOKEN_IDENTIFIER  shift 1
	.  error

	decl  goto 102
	expr  goto 149
	and_expr  goto 41
	compare_expr  goto 42
	add_expr  goto 43
	mul_expr  goto 44
	expon_expr  goto 45
	neg_expr  goto 46
	incr_expr  goto 47
	primary_expr  goto 48
	stmt  goto 176
	open_stmt  goto 106
	closed_stmt  goto 177
	identifier  goto 110
	string_literal  goto 50
	integer_literal  goto 51
	char_literal  goto 52
	left_brace  goto 111
	return  goto 112
	print  goto 113
	for  goto 114
	left_paren  goto 54
	if  goto 115
	subtract  goto 55
	not  goto 56
	true  goto 57
	false  goto 58


state 175
	closed_stmt : for left_paren opt_expr semicolon opt_expr . semicolon opt_expr right_paren closed_stmt  (13)
	open_stmt : for left_paren opt_expr semicolon opt_expr . semicolon opt_expr right_paren open_stmt  (18)

	TOKEN_SEMICOLON  shift 25
	.  error

	semicolon  goto 178


state 176
	open_stmt : if left_paren expr right_paren stmt .  (16)

	.  reduce 16


state 177
	stmt : closed_stmt .  (8)
	closed_stmt : if left_paren expr right_paren closed_stmt . else closed_stmt  (14)
	open_stmt : if left_paren expr right_paren closed_stmt . else open_stmt  (17)

	TOKEN_ELSE  shift 179
	TOKEN_PRINT  reduce 8
	TOKEN_FOR  reduce 8
	TOKEN_IF  reduce 8
	TOKEN_RETURN  reduce 8
	TOKEN_LEFT_BRACE  reduce 8
	TOKEN_RIGHT_BRACE  reduce 8
	TOKEN_LEFT_PAREN  reduce 8
	TOKEN_NOT  reduce 8
	TOKEN_SUBTRACT  reduce 8
	TOKEN_TRUE  reduce 8
	TOKEN_FALSE  reduce 8
	TOKEN_CHAR_LITERAL  reduce 8
	TOKEN_INTEGER_LITERAL  reduce 8
	TOKEN_STRING_LITERAL  reduce 8
	TOKEN_IDENTIFIER  reduce 8

	else  goto 180


state 178
	closed_stmt : for left_paren opt_expr semicolon opt_expr semicolon . opt_expr right_paren closed_stmt  (13)
	open_stmt : for left_paren opt_expr semicolon opt_expr semicolon . opt_expr right_paren open_stmt  (18)
	opt_expr : .  (51)

	TOKEN_LEFT_BRACE  shift 31
	TOKEN_LEFT_PAREN  shift 32
	TOKEN_NOT  shift 33
	TOKEN_SUBTRACT  shift 34
	TOKEN_TRUE  shift 35
	TOKEN_FALSE  shift 36
	TOKEN_CHAR_LITERAL  shift 37
	TOKEN_INTEGER_LITERAL  shift 38
	TOKEN_STRING_LITERAL  shift 39
	TOKEN_IDENTIFIER  shift 1
	TOKEN_RIGHT_PAREN  reduce 51

	expr  goto 59
	and_expr  goto 41
	compare_expr  goto 42
	add_expr  goto 43
	mul_expr  goto 44
	expon_expr  goto 45
	neg_expr  goto 46
	incr_expr  goto 47
	opt_expr  goto 181
	primary_expr  goto 48
	identifier  goto 49
	string_literal  goto 50
	integer_literal  goto 51
	char_literal  goto 52
	left_brace  goto 61
	left_paren  goto 54
	subtract  goto 55
	not  goto 56
	true  goto 57
	false  goto 58


state 179
	else : TOKEN_ELSE .  (82)

	.  reduce 82


state 180
	closed_stmt : if left_paren expr right_paren closed_stmt else . closed_stmt  (14)
	open_stmt : if left_paren expr right_paren closed_stmt else . open_stmt  (17)

	TOKEN_PRINT  shift 98
	TOKEN_FOR  shift 99
	TOKEN_IF  shift 100
	TOKEN_RETURN  shift 101
	TOKEN_LEFT_BRACE  shift 31
	TOKEN_LEFT_PAREN  shift 32
	TOKEN_NOT  shift 33
	TOKEN_SUBTRACT  shift 34
	TOKEN_TRUE  shift 35
	TOKEN_FALSE  shift 36
	TOKEN_CHAR_LITERAL  shift 37
	TOKEN_INTEGER_LITERAL  shift 38
	TOKEN_STRING_LITERAL  shift 39
	TOKEN_IDENTIFIER  shift 1
	.  error

	decl  goto 102
	expr  goto 149
	and_expr  goto 41
	compare_expr  goto 42
	add_expr  goto 43
	mul_expr  goto 44
	expon_expr  goto 45
	neg_expr  goto 46
	incr_expr  goto 47
	primary_expr  goto 48
	open_stmt  goto 182
	closed_stmt  goto 183
	identifier  goto 110
	string_literal  goto 50
	integer_literal  goto 51
	char_literal  goto 52
	left_brace  goto 111
	return  goto 112
	print  goto 113
	for  goto 114
	left_paren  goto 54
	if  goto 115
	subtract  goto 55
	not  goto 56
	true  goto 57
	false  goto 58


state 181
	closed_stmt : for left_paren opt_expr semicolon opt_expr semicolon opt_expr . right_paren closed_stmt  (13)
	open_stmt : for left_paren opt_expr semicolon opt_expr semicolon opt_expr . right_paren open_stmt  (18)

	TOKEN_RIGHT_PAREN  shift 157
	.  error

	right_paren  goto 184


state 182
	open_stmt : if left_paren expr right_paren closed_stmt else open_stmt .  (17)

	.  reduce 17


state 183
	closed_stmt : if left_paren expr right_paren closed_stmt else closed_stmt .  (14)

	.  reduce 14


state 184
	closed_stmt : for left_paren opt_expr semicolon opt_expr semicolon opt_expr right_paren . closed_stmt  (13)
	open_stmt : for left_paren opt_expr semicolon opt_expr semicolon opt_expr right_paren . open_stmt  (18)

	TOKEN_PRINT  shift 98
	TOKEN_FOR  shift 99
	TOKEN_IF  shift 100
	TOKEN_RETURN  shift 101
	TOKEN_LEFT_BRACE  shift 31
	TOKEN_LEFT_PAREN  shift 32
	TOKEN_NOT  shift 33
	TOKEN_SUBTRACT  shift 34
	TOKEN_TRUE  shift 35
	TOKEN_FALSE  shift 36
	TOKEN_CHAR_LITERAL  shift 37
	TOKEN_INTEGER_LITERAL  shift 38
	TOKEN_STRING_LITERAL  shift 39
	TOKEN_IDENTIFIER  shift 1
	.  error

	decl  goto 102
	expr  goto 149
	and_expr  goto 41
	compare_expr  goto 42
	add_expr  goto 43
	mul_expr  goto 44
	expon_expr  goto 45
	neg_expr  goto 46
	incr_expr  goto 47
	primary_expr  goto 48
	open_stmt  goto 185
	closed_stmt  goto 186
	identifier  goto 110
	string_literal  goto 50
	integer_literal  goto 51
	char_literal  goto 52
	left_brace  goto 111
	return  goto 112
	print  goto 113
	for  goto 114
	left_paren  goto 54
	if  goto 115
	subtract  goto 55
	not  goto 56
	true  goto 57
	false  goto 58


state 185
	open_stmt : for left_paren opt_expr semicolon opt_expr semicolon opt_expr right_paren open_stmt .  (18)

	.  reduce 18


state 186
	closed_stmt : for left_paren opt_expr semicolon opt_expr semicolon opt_expr right_paren closed_stmt .  (13)

	.  reduce 13


47 terminals, 70 nonterminals
123 grammar rules, 187 states
